\BOOKMARK [0][-]{chapter.1}{\376\377\000O\000v\000e\000r\000v\000i\000e\000w}{}% 1
\BOOKMARK [0][-]{chapter.2}{\376\377\000I\000n\000t\000r\000o\000d\000u\000c\000t\000i\000o\000n}{}% 2
\BOOKMARK [1][-]{section.2.1}{\376\377\000G\000O\000M\000C\000\040\000s\000u\000p\000p\000o\000r\000t\000e\000d\000\040\000e\000n\000s\000e\000m\000b\000l\000e\000s\000:}{chapter.2}% 3
\BOOKMARK [1][-]{section.2.2}{\376\377\000G\000O\000M\000C\000\040\000s\000u\000p\000p\000o\000r\000t\000e\000d\000\040\000M\000o\000n\000t\000e\000\040\000C\000a\000r\000l\000o\000\040\000m\000o\000v\000e\000s\000:}{chapter.2}% 4
\BOOKMARK [1][-]{section.2.3}{\376\377\000G\000O\000M\000C\000\040\000s\000u\000p\000p\000o\000r\000t\000e\000d\000\040\000f\000o\000r\000c\000e\000\040\000f\000i\000e\000l\000d\000s\000:}{chapter.2}% 5
\BOOKMARK [1][-]{section.2.4}{\376\377\000G\000O\000M\000C\000\040\000s\000u\000p\000p\000o\000r\000t\000e\000d\000\040\000m\000o\000l\000e\000c\000u\000l\000e\000s\000:}{chapter.2}% 6
\BOOKMARK [0][-]{chapter.3}{\376\377\000S\000o\000f\000t\000w\000a\000r\000e\000\040\000R\000e\000q\000u\000i\000r\000e\000m\000e\000n\000t\000s}{}% 7
\BOOKMARK [1][-]{section.3.1}{\376\377\000C\000+\000+\0001\0001\000\040\000C\000o\000m\000p\000l\000i\000a\000n\000t\000\040\000C\000o\000m\000p\000i\000l\000e\000r}{chapter.3}% 8
\BOOKMARK [1][-]{section.3.2}{\376\377\000C\000M\000a\000k\000e}{chapter.3}% 9
\BOOKMARK [1][-]{section.3.3}{\376\377\000C\000U\000D\000A\000\040\000T\000o\000o\000l\000k\000i\000t}{chapter.3}% 10
\BOOKMARK [1][-]{section.3.4}{\376\377\000M\000P\000I\000\040\000\050\000O\000p\000t\000i\000o\000n\000a\000l\000\040\000f\000o\000r\000\040\000S\000t\000a\000n\000d\000a\000r\000d\000;\000\040\000R\000e\000q\000u\000i\000r\000e\000d\000\040\000f\000o\000r\000\040\000M\000u\000l\000t\000i\000S\000i\000m\000\051}{chapter.3}% 11
\BOOKMARK [0][-]{chapter.4}{\376\377\000R\000e\000c\000o\000m\000m\000e\000n\000d\000e\000d\000\040\000S\000o\000f\000t\000w\000a\000r\000e\000\040\000T\000o\000o\000l\000s}{}% 12
\BOOKMARK [1][-]{section.4.1}{\376\377\000P\000a\000c\000k\000m\000o\000l}{chapter.4}% 13
\BOOKMARK [1][-]{section.4.2}{\376\377\000V\000M\000D}{chapter.4}% 14
\BOOKMARK [0][-]{chapter.5}{\376\377\000H\000o\000w\000\040\000t\000o\000\040\000g\000e\000t\000\040\000t\000h\000e\000\040\000s\000o\000f\000t\000w\000a\000r\000e}{}% 15
\BOOKMARK [1][-]{section.5.1}{\376\377\000G\000i\000t\000H\000u\000b}{chapter.5}% 16
\BOOKMARK [1][-]{section.5.2}{\376\377\000W\000e\000b\000s\000i\000t\000e}{chapter.5}% 17
\BOOKMARK [0][-]{chapter.6}{\376\377\000C\000o\000m\000p\000i\000l\000i\000n\000g\000\040\000G\000O\000M\000C}{}% 18
\BOOKMARK [1][-]{section.6.1}{\376\377\000L\000i\000n\000u\000x}{chapter.6}% 19
\BOOKMARK [1][-]{section.6.2}{\376\377\000W\000i\000n\000d\000o\000w\000s}{chapter.6}% 20
\BOOKMARK [1][-]{section.6.3}{\376\377\000C\000o\000n\000f\000i\000g\000u\000r\000i\000n\000g\000\040\000C\000M\000a\000k\000e}{chapter.6}% 21
\BOOKMARK [0][-]{chapter.7}{\376\377\000I\000n\000p\000u\000t\000\040\000F\000i\000l\000e\000\040\000F\000o\000r\000m\000a\000t\000s}{}% 22
\BOOKMARK [1][-]{section.7.1}{\376\377\000P\000D\000B\000\040\000F\000i\000l\000e}{chapter.7}% 23
\BOOKMARK [1][-]{section.7.2}{\376\377\000P\000S\000F\000\040\000F\000i\000l\000e}{chapter.7}% 24
\BOOKMARK [1][-]{section.7.3}{\376\377\000T\000o\000p\000o\000l\000o\000g\000y\000\040\000F\000i\000l\000e}{chapter.7}% 25
\BOOKMARK [1][-]{section.7.4}{\376\377\000P\000a\000r\000a\000m\000e\000t\000e\000r\000\040\000F\000i\000l\000e}{chapter.7}% 26
\BOOKMARK [1][-]{section.7.5}{\376\377\000E\000x\000o\000t\000i\000c\000\040\000o\000r\000\040\000M\000i\000e\000\040\000P\000a\000r\000a\000m\000e\000t\000e\000r\000\040\000F\000i\000l\000e}{chapter.7}% 27
\BOOKMARK [1][-]{section.7.6}{\376\377\000C\000o\000n\000t\000r\000o\000l\000\040\000F\000i\000l\000e\000\040\000\050\000*\000.\000c\000o\000n\000f\000\051}{chapter.7}% 28
\BOOKMARK [0][-]{chapter.8}{\376\377\000G\000O\000M\000C\040\031\000s\000\040\000O\000u\000t\000p\000u\000t\000\040\000F\000i\000l\000e\000s}{}% 29
\BOOKMARK [1][-]{section.8.1}{\376\377\000C\000o\000n\000s\000o\000l\000e\000\040\000O\000u\000t\000p\000u\000t}{chapter.8}% 30
\BOOKMARK [1][-]{section.8.2}{\376\377\000B\000l\000o\000c\000k\000\040\000O\000u\000t\000p\000u\000t\000\040\000F\000i\000l\000e\000s}{chapter.8}% 31
\BOOKMARK [1][-]{section.8.3}{\376\377\000P\000D\000B\000\040\000O\000u\000t\000p\000u\000t\000\040\000F\000i\000l\000e\000s}{chapter.8}% 32
\BOOKMARK [1][-]{section.8.4}{\376\377\000P\000S\000F\000\040\000O\000u\000t\000p\000u\000t\000\040\000F\000i\000l\000e}{chapter.8}% 33
\BOOKMARK [1][-]{section.8.5}{\376\377\000M\000o\000l\000e\000c\000u\000l\000e\000\040\000D\000i\000s\000t\000r\000i\000b\000u\000t\000i\000o\000n\000\040\000O\000u\000t\000p\000u\000t\000\040\000F\000i\000l\000e}{chapter.8}% 34
\BOOKMARK [1][-]{section.8.6}{\376\377\000H\000i\000s\000t\000o\000g\000r\000a\000m\000\040\000O\000u\000t\000p\000u\000t\000\040\000F\000i\000l\000e}{chapter.8}% 35
\BOOKMARK [1][-]{section.8.7}{\376\377\000F\000r\000e\000e\000\040\000E\000n\000e\000r\000g\000y\000\040\000O\000u\000t\000p\000u\000t\000\040\000F\000i\000l\000e}{chapter.8}% 36
\BOOKMARK [0][-]{chapter.9}{\376\377\000P\000u\000t\000t\000i\000n\000g\000\040\000i\000t\000\040\000a\000l\000l\000\040\000t\000o\000g\000e\000t\000h\000e\000r\000:\000\040\000R\000u\000n\000n\000i\000n\000g\000\040\000a\000\040\000G\000O\000M\000C\000\040\000S\000i\000m\000u\000l\000a\000t\000i\000o\000n}{}% 37
\BOOKMARK [0][-]{chapter.10}{\376\377\000I\000n\000t\000e\000r\000m\000o\000l\000e\000c\000u\000l\000a\000r\000\040\000E\000n\000e\000r\000g\000y\000\040\000a\000n\000d\000\040\000V\000i\000r\000i\000a\000l\000\040\000F\000u\000n\000c\000t\000i\000o\000n\000\040\000\050\000V\000a\000n\000\040\000d\000e\000r\000\040\000W\000a\000a\000l\000s\000\051}{}% 38
\BOOKMARK [1][-]{section.10.1}{\376\377\000V\000D\000W}{chapter.10}% 39
\BOOKMARK [1][-]{section.10.2}{\376\377\000E\000X\000P\0006}{chapter.10}% 40
\BOOKMARK [1][-]{section.10.3}{\376\377\000S\000H\000I\000F\000T}{chapter.10}% 41
\BOOKMARK [1][-]{section.10.4}{\376\377\000S\000W\000I\000T\000C\000H}{chapter.10}% 42
\BOOKMARK [1][-]{section.10.5}{\376\377\000S\000W\000I\000T\000C\000H\000\040\000\050\000M\000A\000R\000T\000I\000N\000I\000\051}{chapter.10}% 43
\BOOKMARK [0][-]{chapter.11}{\376\377\000I\000n\000t\000e\000r\000m\000o\000l\000e\000c\000u\000l\000a\000r\000\040\000E\000n\000e\000r\000g\000y\000\040\000a\000n\000d\000\040\000V\000i\000r\000i\000a\000l\000\040\000F\000u\000n\000c\000t\000i\000o\000n\000\040\000\050\000E\000l\000e\000c\000t\000r\000o\000s\000t\000a\000t\000i\000c\000\051}{}% 44
\BOOKMARK [1][-]{section.11.1}{\376\377\000E\000w\000a\000l\000d}{chapter.11}% 45
\BOOKMARK [1][-]{section.11.2}{\376\377\000V\000D\000W}{chapter.11}% 46
\BOOKMARK [1][-]{section.11.3}{\376\377\000E\000X\000P\0006}{chapter.11}% 47
\BOOKMARK [1][-]{section.11.4}{\376\377\000S\000H\000I\000F\000T}{chapter.11}% 48
\BOOKMARK [1][-]{section.11.5}{\376\377\000S\000W\000I\000T\000C\000H}{chapter.11}% 49
\BOOKMARK [1][-]{section.11.6}{\376\377\000S\000W\000I\000T\000C\000H\000\040\000\050\000M\000A\000R\000T\000I\000N\000I\000\051}{chapter.11}% 50
\BOOKMARK [0][-]{chapter.12}{\376\377\000L\000o\000n\000g\000-\000r\000a\000n\000g\000e\000\040\000C\000o\000r\000r\000e\000c\000t\000i\000o\000n\000\040\000\050\000E\000n\000e\000r\000g\000y\000\040\000a\000n\000d\000\040\000V\000i\000r\000i\000a\000l\000\051}{}% 51
\BOOKMARK [1][-]{section.12.1}{\376\377\000V\000D\000W}{chapter.12}% 52
\BOOKMARK [1][-]{section.12.2}{\376\377\000E\000X\000P\0006}{chapter.12}% 53
\BOOKMARK [0][-]{chapter.13}{\376\377\000C\000o\000u\000p\000l\000i\000n\000g\000\040\000I\000n\000t\000e\000r\000a\000c\000t\000i\000o\000n\000\040\000w\000i\000t\000h\000\040}{}% 54
\BOOKMARK [1][-]{section.13.1}{\376\377\000V\000D\000W}{chapter.13}% 55
\BOOKMARK [1][-]{section.13.2}{\376\377\000E\000l\000e\000c\000t\000r\000o\000s\000t\000a\000t\000i\000c}{chapter.13}% 56
\BOOKMARK [1][-]{section.13.3}{\376\377\000L\000o\000n\000g\000-\000r\000a\000n\000g\000e\000\040\000C\000o\000r\000r\000e\000c\000t\000i\000o\000n\000\040\000\050\000V\000D\000W\000\051}{chapter.13}% 57
\BOOKMARK [1][-]{section.13.4}{\376\377\000L\000o\000n\000g\000-\000r\000a\000n\000g\000e\000\040\000C\000o\000r\000r\000e\000c\000t\000i\000o\000n\000\040\000\050\000E\000l\000e\000c\000t\000r\000o\000s\000t\000a\000t\000i\000c\000\051}{chapter.13}% 58
\BOOKMARK [0][-]{chapter.14}{\376\377\000H\000o\000w\000\040\000t\000o\000?}{}% 59
\BOOKMARK [1][-]{section.14.1}{\376\377\000V\000i\000s\000u\000a\000l\000i\000z\000i\000n\000g\000\040\000S\000i\000m\000u\000l\000a\000t\000i\000o\000n}{chapter.14}% 60
\BOOKMARK [1][-]{section.14.2}{\376\377\000B\000u\000i\000l\000d\000\040\000m\000o\000l\000e\000c\000u\000l\000e\000\040\000a\000n\000d\000\040\000t\000o\000p\000o\000l\000o\000g\000y\000\040\000f\000i\000l\000e}{chapter.14}% 61
\BOOKMARK [1][-]{section.14.3}{\376\377\000S\000i\000m\000u\000l\000a\000t\000e\000\040\000r\000i\000g\000i\000d\000\040\000m\000o\000l\000e\000c\000u\000l\000e}{chapter.14}% 62
\BOOKMARK [1][-]{section.14.4}{\376\377\000R\000e\000s\000t\000a\000r\000t\000\040\000t\000h\000e\000\040\000s\000i\000m\000u\000l\000a\000t\000i\000o\000n}{chapter.14}% 63
\BOOKMARK [1][-]{section.14.5}{\376\377\000R\000e\000c\000a\000l\000c\000u\000l\000a\000t\000e\000\040\000t\000h\000e\000\040\000e\000n\000e\000r\000g\000y}{chapter.14}% 64
\BOOKMARK [1][-]{section.14.6}{\376\377\000S\000i\000m\000u\000l\000a\000t\000e\000\040\000a\000d\000s\000o\000r\000p\000t\000i\000o\000n}{chapter.14}% 65
\BOOKMARK [1][-]{section.14.7}{\376\377\000C\000a\000l\000c\000u\000l\000a\000t\000e\000\040\000S\000o\000l\000v\000a\000t\000i\000o\000n\000\040\000F\000r\000e\000e\000\040\000E\000n\000e\000r\000g\000y}{chapter.14}% 66
\BOOKMARK [1][-]{section.14.8}{\376\377\000R\000u\000n\000\040\000a\000\040\000M\000u\000l\000t\000i\000-\000S\000i\000m}{chapter.14}% 67
\BOOKMARK [0][-]{chapter.15}{\376\377\000G\000e\000t\000\040\000H\000e\000l\000p\000\040\000o\000r\000\040\000T\000e\000c\000h\000n\000i\000c\000a\000l\000\040\000S\000u\000p\000p\000o\000r\000t}{}% 68
